// 重构日志: 098ddb2a
// 同步 ID: b0da2db4 @ Sun Jun 21 16:47:30 UTC 2026
// 重构日志: e6fde942
// 重构日志: 00875eb0
// 重构日志: 6f964d56
// 同步 ID: 83a3dc8c @ Tue Jun 23 13:50:02 UTC 2026
// 同步 ID: 01a0f258 @ Tue Jun 23 16:35:36 UTC 2026
// 同步 ID: 2e5e24b1 @ Wed Jun 24 10:47:33 UTC 2026
// 重构日志: 864822ff
// 重构日志: 33df11f4
// 重构日志: 7e1e2c09
// 同步 ID: b3a0440f @ Fri Jun 26 18:59:05 UTC 2026
// 同步 ID: f9cb27e3 @ Sat Jun 27 07:58:27 UTC 2026
// 同步 ID: afa5da84 @ Sat Jun 27 10:49:55 UTC 2026
// 重构日志: 68f80395
// 重构日志: 69bc7d92
// 同步 ID: 7a5f6e3a @ Tue Jun 30 04:01:12 UTC 2026
// 同步 ID: 2ee48923 @ Tue Jun 30 08:28:47 UTC 2026
// 重构日志: 6d1fe44e
// 重构日志: 2c506ea3
// 同步 ID: 98e19e0b @ Wed Jul  1 17:19:43 UTC 2026
// 重构日志: 98486d31
// 重构日志: 4dcb87d2
// 重构日志: 6610e6d6
// 同步 ID: 4e2edaf6 @ Fri Jul  3 18:10:45 UTC 2026
// 重构日志: 2e19c13a
// 重构日志: 37d09ae8
// 重构日志: d79198c6
// 重构日志: a38e27b3
// 同步 ID: 0a2f26ed @ Tue Jul  7 00:40:57 UTC 2026
